# JRE version: OpenJDK Runtime Environment (17.0.10) (build 17.0.10+0--11572160)
# Java VM: OpenJDK 64-Bit Server VM (17.0.10+0--11572160, mixed mode, tiered, compressed oops, compressed class ptrs, g1 gc, windows-amd64)
GC Precious Log:
 CPUs: 8 total, 8 available
 Memory: 7879M
 Large Page Support: Disabled
 NUMA Support: Disabled
 Compressed Oops: Enabled (Zero based)
 Heap Region Size: 4M
 Heap Min Capacity: 8M
 Heap Initial Capacity: 124M
 Heap Max Capacity: 8G
 Pre-touch: Disabled
 Parallel Workers: 8
 Concurrent Workers: 2
 Concurrent Refinement Workers: 8
 Periodic GC: Disabled
Heap:
 garbage-first heap   total 1703936K, used 474781K [0x0000000600000000, 0x0000000800000000)
  region size 4096K, 9 young (36864K), 9 survivors (36864K)
 Metaspace       used 213310K, committed 214912K, reserved 1245184K
  class space    used 27023K, committed 27776K, reserved 1048576K
GC Heap History (20 events):
Event: 313.228 GC heap after
{Heap after GC invocations=114 (full 0):
 garbage-first heap   total 1703936K, used 398731K [0x0000000600000000, 0x0000000800000000)
  region size 4096K, 19 young (77824K), 19 survivors (77824K)
 Metaspace       used 202479K, committed 203840K, reserved 1245184K
  class space    used 25612K, committed 26304K, reserved 1048576K
}
Event: 320.473 GC heap before
{Heap before GC invocations=115 (full 0):
 garbage-first heap   total 1409024K, used 1176971K [0x0000000600000000, 0x0000000800000000)
  region size 4096K, 214 young (876544K), 19 survivors (77824K)
 Metaspace       used 208592K, committed 209920K, reserved 1245184K
  class space    used 26371K, committed 27008K, reserved 1048576K
}
Event: 320.566 GC heap after
{Heap after GC invocations=116 (full 0):
 garbage-first heap   total 1409024K, used 407972K [0x0000000600000000, 0x0000000800000000)
  region size 4096K, 19 young (77824K), 19 survivors (77824K)
 Metaspace       used 208592K, committed 209920K, reserved 1245184K
  class space    used 26371K, committed 27008K, reserved 1048576K
}
Event: 320.571 GC heap before
{Heap before GC invocations=116 (full 0):
 garbage-first heap   total 1409024K, used 412068K [0x0000000600000000, 0x0000000800000000)
  region size 4096K, 20 young (81920K), 19 survivors (77824K)
 Metaspace       used 208592K, committed 209920K, reserved 1245184K
  class space    used 26371K, committed 27008K, reserved 1048576K
}
Event: 320.659 GC heap after
{Heap after GC invocations=117 (full 0):
 garbage-first heap   total 1409024K, used 398550K [0x0000000600000000, 0x0000000800000000)
  region size 4096K, 3 young (12288K), 3 survivors (12288K)
 Metaspace       used 208592K, committed 209920K, reserved 1245184K
  class space    used 26371K, committed 27008K, reserved 1048576K
}
Event: 322.070 GC heap before
{Heap before GC invocations=117 (full 0):
 garbage-first heap   total 1409024K, used 1156310K [0x0000000600000000, 0x0000000800000000)
  region size 4096K, 188 young (770048K), 3 survivors (12288K)
 Metaspace       used 208604K, committed 209920K, reserved 1245184K
  class space    used 26371K, committed 27008K, reserved 1048576K
}
Event: 322.095 GC heap after
{Heap after GC invocations=118 (full 0):
 garbage-first heap   total 1409024K, used 409610K [0x0000000600000000, 0x0000000800000000)
  region size 4096K, 6 young (24576K), 6 survivors (24576K)
 Metaspace       used 208604K, committed 209920K, reserved 1245184K
  class space    used 26371K, committed 27008K, reserved 1048576K
}
Event: 323.271 GC heap before
{Heap before GC invocations=119 (full 0):
 garbage-first heap   total 1409024K, used 1163274K [0x0000000600000000, 0x0000000800000000)
  region size 4096K, 190 young (778240K), 6 survivors (24576K)
 Metaspace       used 208590K, committed 209920K, reserved 1245184K
  class space    used 26366K, committed 27008K, reserved 1048576K
}
Event: 323.297 GC heap after
{Heap after GC invocations=120 (full 0):
 garbage-first heap   total 1409024K, used 413246K [0x0000000600000000, 0x0000000800000000)
  region size 4096K, 6 young (24576K), 6 survivors (24576K)
 Metaspace       used 208590K, committed 209920K, reserved 1245184K
  class space    used 26366K, committed 27008K, reserved 1048576K
}
Event: 323.336 GC heap before
{Heap before GC invocations=120 (full 0):
 garbage-first heap   total 1409024K, used 458302K [0x0000000600000000, 0x0000000800000000)
  region size 4096K, 17 young (69632K), 6 survivors (24576K)
 Metaspace       used 208590K, committed 209920K, reserved 1245184K
  class space    used 26366K, committed 27008K, reserved 1048576K
}
Event: 323.391 GC heap after
{Heap after GC invocations=121 (full 0):
 garbage-first heap   total 1409024K, used 404902K [0x0000000600000000, 0x0000000800000000)
  region size 4096K, 1 young (4096K), 1 survivors (4096K)
 Metaspace       used 208590K, committed 209920K, reserved 1245184K
  class space    used 26366K, committed 27008K, reserved 1048576K
}
Event: 324.462 GC heap before
{Heap before GC invocations=121 (full 0):
 garbage-first heap   total 1409024K, used 1183142K [0x0000000600000000, 0x0000000800000000)
  region size 4096K, 191 young (782336K), 1 survivors (4096K)
 Metaspace       used 208594K, committed 209920K, reserved 1245184K
  class space    used 26366K, committed 27008K, reserved 1048576K
}
Event: 324.472 GC heap after
{Heap after GC invocations=122 (full 0):
 garbage-first heap   total 1409024K, used 407527K [0x0000000600000000, 0x0000000800000000)
  region size 4096K, 2 young (8192K), 2 survivors (8192K)
 Metaspace       used 208594K, committed 209920K, reserved 1245184K
  class space    used 26366K, committed 27008K, reserved 1048576K
}
Event: 326.553 GC heap before
{Heap before GC invocations=122 (full 0):
 garbage-first heap   total 1409024K, used 1193959K [0x0000000600000000, 0x0000000800000000)
  region size 4096K, 194 young (794624K), 2 survivors (8192K)
 Metaspace       used 208616K, committed 209920K, reserved 1245184K
  class space    used 26369K, committed 27008K, reserved 1048576K
}
Event: 326.558 GC heap after
{Heap after GC invocations=123 (full 0):
 garbage-first heap   total 1409024K, used 406690K [0x0000000600000000, 0x0000000800000000)
  region size 4096K, 2 young (8192K), 2 survivors (8192K)
 Metaspace       used 208616K, committed 209920K, reserved 1245184K
  class space    used 26369K, committed 27008K, reserved 1048576K
}
Event: 335.672 GC heap before
{Heap before GC invocations=123 (full 0):
 garbage-first heap   total 1409024K, used 1205410K [0x0000000600000000, 0x0000000800000000)
  region size 4096K, 197 young (806912K), 2 survivors (8192K)
 Metaspace       used 213269K, committed 214848K, reserved 1245184K
  class space    used 27023K, committed 27776K, reserved 1048576K
}
Event: 335.699 GC heap after
{Heap after GC invocations=124 (full 0):
 garbage-first heap   total 1409024K, used 443574K [0x0000000600000000, 0x0000000800000000)
  region size 4096K, 11 young (45056K), 11 survivors (45056K)
 Metaspace       used 213269K, committed 214848K, reserved 1245184K
  class space    used 27023K, committed 27776K, reserved 1048576K
}
Event: 336.507 GC heap before
{Heap before GC invocations=124 (full 0):
 garbage-first heap   total 1409024K, used 1189046K [0x0000000600000000, 0x0000000800000000)
  region size 4096K, 193 young (790528K), 11 survivors (45056K)
 Metaspace       used 213288K, committed 214848K, reserved 1245184K
  class space    used 27023K, committed 27776K, reserved 1048576K
}
Event: 336.542 GC heap after
{Heap after GC invocations=125 (full 0):
 garbage-first heap   total 1409024K, used 463822K [0x0000000600000000, 0x0000000800000000)
  region size 4096K, 16 young (65536K), 16 survivors (65536K)
 Metaspace       used 213288K, committed 214848K, reserved 1245184K
  class space    used 27023K, committed 27776K, reserved 1048576K
}
Event: 337.466 GC heap before
{Heap before GC invocations=125 (full 0):
 garbage-first heap   total 1409024K, used 1184718K [0x0000000600000000, 0x0000000800000000)
  region size 4096K, 193 young (790528K), 16 survivors (65536K)
 Metaspace       used 213310K, committed 214912K, reserved 1245184K
  class space    used 27023K, committed 27776K, reserved 1048576K
}

